<?xml version="1.0" encoding="UTF-8"?>
<testsuite xmlns:xsi="http://www.w3.org/2001/XMLSchema-instance" xsi:noNamespaceSchemaLocation="https://maven.apache.org/surefire/maven-surefire-plugin/xsd/surefire-test-report-3.0.xsd" version="3.0" name="Library login feature" time="1.541" tests="1" errors="1" skipped="0" failures="0">
  <properties>
[...]
</properties>
  <testcase name="Login as a librarian" classname="Library login feature" time="1.541">
    <error message="unknown error: cannot find Chrome binary&#10;Build info: version: &apos;3.141.59&apos;, revision: &apos;e82be7d358&apos;, time: &apos;2018-11-14T08:17:03&apos;&#10;System info: host: &apos;Mirays-MBP.hsd1.fl.comcast.net&apos;, ip: &apos;2601:582:8501:78c0:9b9:88b3:1170:3811%en0&apos;, os.name: &apos;Mac OS X&apos;, os.arch: &apos;x86_64&apos;, os.version: &apos;10.16&apos;, java.version: &apos;1.8.0_231&apos;&#10;Driver info: driver.version: Driver&#10;remote stacktrace: 0   chromedriver                        0x000000010491b909 chromedriver + 2533641&#10;1   chromedriver                        0x0000000104fa5d53 chromedriver + 9391443&#10;2   chromedriver                        0x00000001046d93c3 chromedriver + 164803&#10;3   chromedriver                        0x00000001046f8625 chromedriver + 292389&#10;4   chromedriver                        0x00000001046f69a5 chromedriver + 285093&#10;5   chromedriver                        0x0000000104729834 chromedriver + 493620&#10;6   chromedriver                        0x0000000104724b43 chromedriver + 473923&#10;7   chromedriver                        0x00000001046ff616 chromedriver + 321046&#10;8   chromedriver                        0x0000000104700587 chromedriver + 324999&#10;9   chromedriver                        0x00000001048ea7f9 chromedriver + 2332665&#10;10  chromedriver                        0x00000001048f7963 chromedriver + 2386275&#10;11  chromedriver                        0x00000001048f745b chromedriver + 2384987&#10;12  chromedriver                        0x00000001048d15b5 chromedriver + 2229685&#10;13  chromedriver                        0x00000001048f83bf chromedriver + 2388927&#10;14  chromedriver                        0x00000001048dfc79 chromedriver + 2288761&#10;15  chromedriver                        0x000000010490ef69 chromedriver + 2482025&#10;16  chromedriver                        0x0000000104921103 chromedriver + 2556163&#10;17  libsystem_pthread.dylib             0x00007fff203ee950 _pthread_start + 224&#10;18  libsystem_pthread.dylib             0x00007fff203ea47b thread_start + 15&#10;" type="org.openqa.selenium.WebDriverException"><![CDATA[org.openqa.selenium.WebDriverException: 
unknown error: cannot find Chrome binary
Build info: version: '3.141.59', revision: 'e82be7d358', time: '2018-11-14T08:17:03'
System info: host: 'Mirays-MBP.hsd1.fl.comcast.net', ip: '2601:582:8501:78c0:9b9:88b3:1170:3811%en0', os.name: 'Mac OS X', os.arch: 'x86_64', os.version: '10.16', java.version: '1.8.0_231'
Driver info: driver.version: Driver
remote stacktrace: 0   chromedriver                        0x000000010491b909 chromedriver + 2533641
1   chromedriver                        0x0000000104fa5d53 chromedriver + 9391443
2   chromedriver                        0x00000001046d93c3 chromedriver + 164803
3   chromedriver                        0x00000001046f8625 chromedriver + 292389
4   chromedriver                        0x00000001046f69a5 chromedriver + 285093
5   chromedriver                        0x0000000104729834 chromedriver + 493620
6   chromedriver                        0x0000000104724b43 chromedriver + 473923
7   chromedriver                        0x00000001046ff616 chromedriver + 321046
8   chromedriver                        0x0000000104700587 chromedriver + 324999
9   chromedriver                        0x00000001048ea7f9 chromedriver + 2332665
10  chromedriver                        0x00000001048f7963 chromedriver + 2386275
11  chromedriver                        0x00000001048f745b chromedriver + 2384987
12  chromedriver                        0x00000001048d15b5 chromedriver + 2229685
13  chromedriver                        0x00000001048f83bf chromedriver + 2388927
14  chromedriver                        0x00000001048dfc79 chromedriver + 2288761
15  chromedriver                        0x000000010490ef69 chromedriver + 2482025
16  chromedriver                        0x0000000104921103 chromedriver + 2556163
17  libsystem_pthread.dylib             0x00007fff203ee950 _pthread_start + 224
18  libsystem_pthread.dylib             0x00007fff203ea47b thread_start + 15

]]></error>
    <system-out><![CDATA[&amp#27;[32m&amp#27;[1m┌───────────────────────────────────────────────────────────────────────────────────┐&amp#27;[0m
&amp#27;[32m&amp#27;[1m│&amp#27;[0m Share your Cucumber Report with your team at &amp#27;[36m&amp#27;[1m&amp#27;[4mhttps://reports.cucumber.io&amp#27;[0m          &amp#27;[32m&amp#27;[1m│&amp#27;[0m
&amp#27;[32m&amp#27;[1m│&amp#27;[0m Activate publishing with one of the following:                                    &amp#27;[32m&amp#27;[1m│&amp#27;[0m
&amp#27;[32m&amp#27;[1m│&amp#27;[0m                                                                                   &amp#27;[32m&amp#27;[1m│&amp#27;[0m
&amp#27;[32m&amp#27;[1m│&amp#27;[0m src/test/resources/cucumber.properties:          &amp#27;[36mcucumber.publish.enabled&amp#27;[0m=&amp#27;[36mtrue&amp#27;[0m    &amp#27;[32m&amp#27;[1m│&amp#27;[0m
&amp#27;[32m&amp#27;[1m│&amp#27;[0m src/test/resources/junit-platform.properties:    &amp#27;[36mcucumber.publish.enabled&amp#27;[0m=&amp#27;[36mtrue&amp#27;[0m    &amp#27;[32m&amp#27;[1m│&amp#27;[0m
&amp#27;[32m&amp#27;[1m│&amp#27;[0m Environment variable:                            &amp#27;[36mCUCUMBER_PUBLISH_ENABLED&amp#27;[0m=&amp#27;[36mtrue&amp#27;[0m    &amp#27;[32m&amp#27;[1m│&amp#27;[0m
&amp#27;[32m&amp#27;[1m│&amp#27;[0m JUnit:                                           &amp#27;[36m@CucumberOptions&amp#27;[0m(publish = &amp#27;[36mtrue&amp#27;[0m) &amp#27;[32m&amp#27;[1m│&amp#27;[0m
&amp#27;[32m&amp#27;[1m│&amp#27;[0m                                                                                   &amp#27;[32m&amp#27;[1m│&amp#27;[0m
&amp#27;[32m&amp#27;[1m│&amp#27;[0m More information at &amp#27;[36mhttps://reports.cucumber.io/docs/cucumber-jvm&amp#27;[0m                 &amp#27;[32m&amp#27;[1m│&amp#27;[0m
&amp#27;[32m&amp#27;[1m│&amp#27;[0m                                                                                   &amp#27;[32m&amp#27;[1m│&amp#27;[0m
&amp#27;[32m&amp#27;[1m│&amp#27;[0m Disable this message with one of the following:                                   &amp#27;[32m&amp#27;[1m│&amp#27;[0m
&amp#27;[32m&amp#27;[1m│&amp#27;[0m                                                                                   &amp#27;[32m&amp#27;[1m│&amp#27;[0m
&amp#27;[32m&amp#27;[1m│&amp#27;[0m src/test/resources/cucumber.properties:          &amp#27;[36mcucumber.publish.quiet&amp#27;[0m=&amp#27;[36mtrue&amp#27;[0m      &amp#27;[32m&amp#27;[1m│&amp#27;[0m
&amp#27;[32m&amp#27;[1m│&amp#27;[0m src/test/resources/junit-platform.properties:    &amp#27;[36mcucumber.publish.quiet&amp#27;[0m=&amp#27;[36mtrue&amp#27;[0m      &amp#27;[32m&amp#27;[1m│&amp#27;[0m
&amp#27;[32m&amp#27;[1m└───────────────────────────────────────────────────────────────────────────────────┘&amp#27;[0m

]]></system-out>
    <system-err><![CDATA[SLF4J: Failed to load class "org.slf4j.impl.StaticLoggerBinder".
SLF4J: Defaulting to no-operation (NOP) logger implementation
SLF4J: See http://www.slf4j.org/codes.html#StaticLoggerBinder for further details.
Starting ChromeDriver 88.0.4324.96 (68dba2d8a0b149a1d3afac56fa74648032bcf46b-refs/branch-heads/4324@{#1784}) on port 10032
Only local connections are allowed.
Please see https://chromedriver.chromium.org/security-considerations for suggestions on keeping ChromeDriver safe.
ChromeDriver was started successfully.
]]></system-err>
  </testcase>
</testsuite>